[24-Jul-2020 03:21:44 UTC] PHP Warning:  Use of undefined constant aaa - assumed 'aaa' (this will throw an Error in a future version of PHP) in /opt/lampp/htdocs/wordpress/wp-content/themes/lightning/template-parts/page-header.php on line 80
[24-Jul-2020 04:34:48 UTC] PHP Parse error:  syntax error, unexpected '$temp' (T_VARIABLE) in /opt/lampp/htdocs/wordpress/wp-content/themes/lightning/functions.php on line 563
[24-Jul-2020 04:34:48 UTC] PHP Notice:  Trying to access array offset on value of type bool in /opt/lampp/htdocs/wordpress/wp-includes/class-wp-recovery-mode-email-service.php on line 339
[24-Jul-2020 04:34:48 UTC] PHP Notice:  Trying to access array offset on value of type bool in /opt/lampp/htdocs/wordpress/wp-includes/class-wp-recovery-mode-email-service.php on line 340
[24-Jul-2020 04:34:50 UTC] PHP Parse error:  syntax error, unexpected '$temp' (T_VARIABLE) in /opt/lampp/htdocs/wordpress/wp-content/themes/lightning/functions.php on line 563
[24-Jul-2020 04:49:37 UTC] PHP Notice:  Undefined variable: pageTitHtml_before in /opt/lampp/htdocs/wordpress/wp-content/themes/lightning/template-parts/page-header.php on line 87
[24-Jul-2020 04:49:37 UTC] PHP Notice:  Undefined variable: pageTitHtml_after in /opt/lampp/htdocs/wordpress/wp-content/themes/lightning/template-parts/page-header.php on line 97
[24-Jul-2020 05:06:15 UTC] PHP Parse error:  syntax error, unexpected ')' in /opt/lampp/htdocs/wordpress/wp-content/themes/lightning/functions.php on line 563
[24-Jul-2020 05:06:17 UTC] PHP Parse error:  syntax error, unexpected ')' in /opt/lampp/htdocs/wordpress/wp-content/themes/lightning/functions.php on line 563
[24-Jul-2020 05:07:12 UTC] PHP Parse error:  syntax error, unexpected '=' in /opt/lampp/htdocs/wordpress/wp-content/themes/lightning/functions.php on line 563
[24-Jul-2020 05:07:18 UTC] PHP Parse error:  syntax error, unexpected '=' in /opt/lampp/htdocs/wordpress/wp-content/themes/lightning/functions.php on line 563
[24-Jul-2020 05:08:18 UTC] PHP Parse error:  syntax error, unexpected '=' in /opt/lampp/htdocs/wordpress/wp-content/themes/lightning/functions.php on line 563
[24-Jul-2020 05:09:12 UTC] PHP Parse error:  syntax error, unexpected '=' in /opt/lampp/htdocs/wordpress/wp-content/themes/lightning/functions.php on line 563
[24-Jul-2020 05:09:18 UTC] PHP Parse error:  syntax error, unexpected '=' in /opt/lampp/htdocs/wordpress/wp-content/themes/lightning/functions.php on line 563
[24-Jul-2020 05:10:18 UTC] PHP Parse error:  syntax error, unexpected '=' in /opt/lampp/htdocs/wordpress/wp-content/themes/lightning/functions.php on line 563
[24-Jul-2020 05:11:13 UTC] PHP Parse error:  syntax error, unexpected '=' in /opt/lampp/htdocs/wordpress/wp-content/themes/lightning/functions.php on line 563
[24-Jul-2020 05:11:19 UTC] PHP Parse error:  syntax error, unexpected '=' in /opt/lampp/htdocs/wordpress/wp-content/themes/lightning/functions.php on line 563
[24-Jul-2020 05:12:18 UTC] PHP Parse error:  syntax error, unexpected '=' in /opt/lampp/htdocs/wordpress/wp-content/themes/lightning/functions.php on line 563
[24-Jul-2020 05:25:17 UTC] PHP Parse error:  syntax error, unexpected 'if' (T_IF) in /opt/lampp/htdocs/wordpress/wp-content/themes/lightning/functions.php on line 565
[24-Jul-2020 05:26:19 UTC] PHP Parse error:  syntax error, unexpected 'if' (T_IF) in /opt/lampp/htdocs/wordpress/wp-content/themes/lightning/functions.php on line 565
[24-Jul-2020 05:27:17 UTC] PHP Parse error:  syntax error, unexpected 'if' (T_IF) in /opt/lampp/htdocs/wordpress/wp-content/themes/lightning/functions.php on line 565
[24-Jul-2020 05:28:19 UTC] PHP Parse error:  syntax error, unexpected 'if' (T_IF) in /opt/lampp/htdocs/wordpress/wp-content/themes/lightning/functions.php on line 565
[24-Jul-2020 05:29:18 UTC] PHP Parse error:  syntax error, unexpected 'if' (T_IF) in /opt/lampp/htdocs/wordpress/wp-content/themes/lightning/functions.php on line 565
[24-Jul-2020 05:30:21 UTC] PHP Parse error:  syntax error, unexpected 'if' (T_IF) in /opt/lampp/htdocs/wordpress/wp-content/themes/lightning/functions.php on line 565
[24-Jul-2020 05:31:18 UTC] PHP Parse error:  syntax error, unexpected 'if' (T_IF) in /opt/lampp/htdocs/wordpress/wp-content/themes/lightning/functions.php on line 565
[24-Jul-2020 05:32:22 UTC] PHP Parse error:  syntax error, unexpected 'if' (T_IF) in /opt/lampp/htdocs/wordpress/wp-content/themes/lightning/functions.php on line 565
[24-Jul-2020 05:33:19 UTC] PHP Parse error:  syntax error, unexpected 'if' (T_IF) in /opt/lampp/htdocs/wordpress/wp-content/themes/lightning/functions.php on line 565
[24-Jul-2020 05:34:22 UTC] PHP Parse error:  syntax error, unexpected 'if' (T_IF) in /opt/lampp/htdocs/wordpress/wp-content/themes/lightning/functions.php on line 565
[24-Jul-2020 05:35:20 UTC] PHP Parse error:  syntax error, unexpected 'if' (T_IF) in /opt/lampp/htdocs/wordpress/wp-content/themes/lightning/functions.php on line 565
[24-Jul-2020 05:36:22 UTC] PHP Parse error:  syntax error, unexpected 'if' (T_IF) in /opt/lampp/htdocs/wordpress/wp-content/themes/lightning/functions.php on line 565
[24-Jul-2020 05:37:22 UTC] PHP Parse error:  syntax error, unexpected 'if' (T_IF) in /opt/lampp/htdocs/wordpress/wp-content/themes/lightning/functions.php on line 565
[24-Jul-2020 05:38:22 UTC] PHP Parse error:  syntax error, unexpected 'if' (T_IF) in /opt/lampp/htdocs/wordpress/wp-content/themes/lightning/functions.php on line 565
[24-Jul-2020 05:39:22 UTC] PHP Parse error:  syntax error, unexpected 'if' (T_IF) in /opt/lampp/htdocs/wordpress/wp-content/themes/lightning/functions.php on line 565
[24-Jul-2020 09:23:46 UTC] PHP Notice:  Undefined index: path in /opt/lampp/htdocs/wordpress/wp-content/themes/lightning/inc/package-manager.php on line 18
[24-Jul-2020 09:23:46 UTC] PHP Warning:  require(): Filename cannot be empty in /opt/lampp/htdocs/wordpress/wp-content/themes/lightning/inc/package-manager.php on line 18
[24-Jul-2020 09:23:46 UTC] PHP Fatal error:  require(): Failed opening required '' (include_path='.:/opt/lampp/lib/php') in /opt/lampp/htdocs/wordpress/wp-content/themes/lightning/inc/package-manager.php on line 18
[24-Jul-2020 09:25:10 UTC] PHP Notice:  Undefined index: path in /opt/lampp/htdocs/wordpress/wp-content/themes/lightning/inc/package-manager.php on line 18
[24-Jul-2020 09:25:10 UTC] PHP Warning:  require(): Filename cannot be empty in /opt/lampp/htdocs/wordpress/wp-content/themes/lightning/inc/package-manager.php on line 18
[24-Jul-2020 09:25:10 UTC] PHP Fatal error:  require(): Failed opening required '' (include_path='.:/opt/lampp/lib/php') in /opt/lampp/htdocs/wordpress/wp-content/themes/lightning/inc/package-manager.php on line 18
[24-Jul-2020 12:28:31 UTC] PHP Parse error:  syntax error, unexpected ',' in /opt/lampp/htdocs/wordpress/wp-content/themes/lightning/template-parts/post/content.php on line 84
[24-Jul-2020 13:53:46 UTC] PHP Notice:  Trying to access array offset on value of type bool in /opt/lampp/htdocs/wordpress/wp-content/plugins/online-lesson-booking-system/class/my-auth.php on line 32
[26-Jul-2020 12:51:16 UTC] PHP Notice:  Trying to access array offset on value of type bool in /opt/lampp/htdocs/wordpress/wp-content/plugins/online-lesson-booking-system/class/my-auth.php on line 32
[26-Jul-2020 13:08:48 UTC] PHP Notice:  Trying to access array offset on value of type bool in /opt/lampp/htdocs/wordpress/wp-content/plugins/online-lesson-booking-system/class/my-auth.php on line 32
[26-Jul-2020 13:29:54 UTC] PHP Notice:  Undefined index: roles in /opt/lampp/htdocs/wordpress/wp-content/plugins/online-lesson-booking-system/class/my-auth.php on line 196
[26-Jul-2020 13:29:54 UTC] PHP Warning:  in_array() expects parameter 2 to be array, null given in /opt/lampp/htdocs/wordpress/wp-content/plugins/online-lesson-booking-system/class/my-auth.php on line 196
[26-Jul-2020 13:30:09 UTC] PHP Notice:  Undefined index: roles in /opt/lampp/htdocs/wordpress/wp-content/plugins/online-lesson-booking-system/class/my-auth.php on line 196
[26-Jul-2020 13:30:09 UTC] PHP Warning:  in_array() expects parameter 2 to be array, null given in /opt/lampp/htdocs/wordpress/wp-content/plugins/online-lesson-booking-system/class/my-auth.php on line 196
[26-Jul-2020 13:30:45 UTC] PHP Notice:  Trying to access array offset on value of type bool in /opt/lampp/htdocs/wordpress/wp-content/plugins/online-lesson-booking-system/class/my-auth.php on line 32
[26-Jul-2020 13:36:43 UTC] PHP Notice:  Trying to access array offset on value of type bool in /opt/lampp/htdocs/wordpress/wp-content/plugins/online-lesson-booking-system/class/my-auth.php on line 32
[26-Jul-2020 13:39:09 UTC] PHP Notice:  Trying to access array offset on value of type bool in /opt/lampp/htdocs/wordpress/wp-content/plugins/online-lesson-booking-system/class/my-auth.php on line 32
[26-Jul-2020 13:44:45 UTC] PHP Notice:  Trying to access array offset on value of type bool in /opt/lampp/htdocs/wordpress/wp-content/plugins/online-lesson-booking-system/class/my-auth.php on line 32
[26-Jul-2020 13:44:53 UTC] PHP Notice:  Undefined variable: result in /opt/lampp/htdocs/wordpress/wp-content/plugins/online-lesson-booking-system/class/my-timetable.php on line 710
[26-Jul-2020 14:01:54 UTC] PHP Notice:  Undefined variable: body in /opt/lampp/htdocs/wordpress/wp-content/plugins/online-lesson-booking-system/class/my-widget.php on line 83
[26-Jul-2020 14:01:54 UTC] PHP Notice:  Undefined variable: body in /opt/lampp/htdocs/wordpress/wp-content/plugins/online-lesson-booking-system/class/my-widget.php on line 326
[26-Jul-2020 14:01:54 UTC] PHP Notice:  Undefined variable: body in /opt/lampp/htdocs/wordpress/wp-content/plugins/online-lesson-booking-system/class/my-widget.php on line 190
[26-Jul-2020 14:03:40 UTC] PHP Notice:  Undefined variable: body in /opt/lampp/htdocs/wordpress/wp-content/plugins/online-lesson-booking-system/class/my-widget.php on line 83
[26-Jul-2020 14:03:40 UTC] PHP Notice:  Undefined variable: body in /opt/lampp/htdocs/wordpress/wp-content/plugins/online-lesson-booking-system/class/my-widget.php on line 326
[26-Jul-2020 14:03:40 UTC] PHP Notice:  Undefined variable: body in /opt/lampp/htdocs/wordpress/wp-content/plugins/online-lesson-booking-system/class/my-widget.php on line 190
[26-Jul-2020 14:06:29 UTC] PHP Notice:  Undefined variable: result in /opt/lampp/htdocs/wordpress/wp-content/plugins/online-lesson-booking-system/class/my-timetable.php on line 710
[26-Jul-2020 14:07:17 UTC] PHP Notice:  Undefined variable: result in /opt/lampp/htdocs/wordpress/wp-content/plugins/online-lesson-booking-system/class/my-timetable.php on line 710
[26-Jul-2020 14:20:08 UTC] PHP Notice:  Undefined index: roles in /opt/lampp/htdocs/wordpress/wp-content/plugins/online-lesson-booking-system/class/my-auth.php on line 196
[26-Jul-2020 14:20:08 UTC] PHP Warning:  in_array() expects parameter 2 to be array, null given in /opt/lampp/htdocs/wordpress/wp-content/plugins/online-lesson-booking-system/class/my-auth.php on line 196
[26-Jul-2020 14:21:21 UTC] PHP Notice:  Undefined index: roles in /opt/lampp/htdocs/wordpress/wp-content/plugins/online-lesson-booking-system/class/my-auth.php on line 196
[26-Jul-2020 14:21:21 UTC] PHP Warning:  in_array() expects parameter 2 to be array, null given in /opt/lampp/htdocs/wordpress/wp-content/plugins/online-lesson-booking-system/class/my-auth.php on line 196
[26-Jul-2020 14:49:22 UTC] PHP Notice:  Trying to access array offset on value of type bool in /opt/lampp/htdocs/wordpress/wp-content/plugins/online-lesson-booking-system/class/my-auth.php on line 32
[26-Jul-2020 14:50:02 UTC] PHP Notice:  Trying to access array offset on value of type bool in /opt/lampp/htdocs/wordpress/wp-content/plugins/online-lesson-booking-system/class/my-auth.php on line 32
[26-Jul-2020 14:50:51 UTC] PHP Notice:  Trying to get property 'ID' of non-object in /opt/lampp/htdocs/wordpress/wp-content/plugins/online-lesson-booking-system/class/my-hookactions.php on line 586
[26-Jul-2020 14:50:51 UTC] PHP Notice:  Trying to get property 'post_name' of non-object in /opt/lampp/htdocs/wordpress/wp-content/plugins/online-lesson-booking-system/class/my-hookactions.php on line 624
[26-Jul-2020 14:50:51 UTC] PHP Notice:  Trying to get property 'post_name' of non-object in /opt/lampp/htdocs/wordpress/wp-content/plugins/online-lesson-booking-system/class/my-hookactions.php on line 650
[26-Jul-2020 14:50:51 UTC] PHP Notice:  Trying to get property 'post_name' of non-object in /opt/lampp/htdocs/wordpress/wp-content/plugins/online-lesson-booking-system/class/my-hookactions.php on line 689
[26-Jul-2020 14:50:51 UTC] PHP Notice:  Trying to get property 'post_name' of non-object in /opt/lampp/htdocs/wordpress/wp-content/plugins/online-lesson-booking-system/class/my-hookactions.php on line 715
[26-Jul-2020 14:50:56 UTC] PHP Notice:  Trying to get property 'ID' of non-object in /opt/lampp/htdocs/wordpress/wp-content/plugins/online-lesson-booking-system/class/my-hookactions.php on line 586
[26-Jul-2020 14:50:56 UTC] PHP Notice:  Trying to get property 'post_name' of non-object in /opt/lampp/htdocs/wordpress/wp-content/plugins/online-lesson-booking-system/class/my-hookactions.php on line 624
[26-Jul-2020 14:50:56 UTC] PHP Notice:  Trying to get property 'post_name' of non-object in /opt/lampp/htdocs/wordpress/wp-content/plugins/online-lesson-booking-system/class/my-hookactions.php on line 650
[26-Jul-2020 14:50:56 UTC] PHP Notice:  Trying to get property 'post_name' of non-object in /opt/lampp/htdocs/wordpress/wp-content/plugins/online-lesson-booking-system/class/my-hookactions.php on line 689
[26-Jul-2020 14:50:56 UTC] PHP Notice:  Trying to get property 'post_name' of non-object in /opt/lampp/htdocs/wordpress/wp-content/plugins/online-lesson-booking-system/class/my-hookactions.php on line 715
[26-Jul-2020 14:52:29 UTC] PHP Notice:  Trying to access array offset on value of type bool in /opt/lampp/htdocs/wordpress/wp-content/plugins/online-lesson-booking-system/class/my-auth.php on line 32
[26-Jul-2020 14:53:28 UTC] PHP Notice:  Trying to access array offset on value of type bool in /opt/lampp/htdocs/wordpress/wp-content/plugins/online-lesson-booking-system/class/my-auth.php on line 32
[26-Jul-2020 14:55:00 UTC] PHP Notice:  Trying to access array offset on value of type bool in /opt/lampp/htdocs/wordpress/wp-content/plugins/online-lesson-booking-system/class/my-auth.php on line 32
[02-Aug-2020 13:38:57 UTC] PHP Notice:  Trying to access array offset on value of type bool in /opt/lampp/htdocs/wordpress/wp-content/plugins/online-lesson-booking-system/class/my-auth.php on line 32
[02-Aug-2020 14:52:53 UTC] PHP Notice:  Trying to access array offset on value of type bool in /opt/lampp/htdocs/wordpress/wp-content/plugins/online-lesson-booking-system/class/my-auth.php on line 32
[08-Aug-2020 09:56:32 UTC] PHP Notice:  Trying to access array offset on value of type bool in /opt/lampp/htdocs/wordpress/wp-content/plugins/online-lesson-booking-system/class/my-auth.php on line 32
[08-Aug-2020 13:31:58 UTC] PHP Parse error:  syntax error, unexpected 'foreach' (T_FOREACH) in /opt/lampp/htdocs/wordpress/wp-content/plugins/wp-members/includes/class-wp-members-forms.php on line 1731
[08-Aug-2020 13:32:04 UTC] PHP Parse error:  syntax error, unexpected 'foreach' (T_FOREACH) in /opt/lampp/htdocs/wordpress/wp-content/plugins/wp-members/includes/class-wp-members-forms.php on line 1731
